# JRE version: Java(TM) SE Runtime Environment (8.0_202-b08) (build 1.8.0_202-b08)
# Java VM: Java HotSpot(TM) 64-Bit Server VM (25.202-b08 mixed mode windows-amd64 compressed oops)
Heap:
 PSYoungGen      total 136704K, used 52469K [0x000000076af00000, 0x0000000777a80000, 0x00000007c0000000)
  eden space 125952K, 33% used [0x000000076af00000,0x000000076d886ec8,0x0000000772a00000)
  from space 10752K, 92% used [0x0000000772a00000,0x00000007733b66d0,0x0000000773480000)
  to   space 12800K, 0% used [0x0000000776e00000,0x0000000776e00000,0x0000000777a80000)
 ParOldGen       total 90112K, used 6177K [0x00000006c0c00000, 0x00000006c6400000, 0x000000076af00000)
  object space 90112K, 6% used [0x00000006c0c00000,0x00000006c12085f0,0x00000006c6400000)
 Metaspace       used 28784K, capacity 29990K, committed 30208K, reserved 1075200K
  class space    used 3964K, capacity 4233K, committed 4352K, reserved 1048576K
GC Heap History (10 events):
Event: 1.895 GC heap before
{Heap before GC invocations=2 (full 0):
 PSYoungGen      total 76288K, used 73560K [0x000000076af00000, 0x0000000770400000, 0x00000007c0000000)
  eden space 65536K, 100% used [0x000000076af00000,0x000000076ef00000,0x000000076ef00000)
  from space 10752K, 74% used [0x000000076ef00000,0x000000076f6d60b8,0x000000076f980000)
  to   space 10752K, 0% used [0x000000076f980000,0x000000076f980000,0x0000000770400000)
 ParOldGen       total 175104K, used 16K [0x00000006c0c00000, 0x00000006cb700000, 0x000000076af00000)
  object space 175104K, 0% used [0x00000006c0c00000,0x00000006c0c04000,0x00000006cb700000)
 Metaspace       used 19857K, capacity 20550K, committed 20736K, reserved 1067008K
  class space    used 2633K, capacity 2811K, committed 2816K, reserved 1048576K
Event: 1.902 GC heap after
Heap after GC invocations=2 (full 0):
 PSYoungGen      total 76288K, used 10733K [0x000000076af00000, 0x0000000770400000, 0x00000007c0000000)
  eden space 65536K, 0% used [0x000000076af00000,0x000000076af00000,0x000000076ef00000)
  from space 10752K, 99% used [0x000000076f980000,0x00000007703fb680,0x0000000770400000)
  to   space 10752K, 0% used [0x000000076ef00000,0x000000076ef00000,0x000000076f980000)
 ParOldGen       total 175104K, used 24K [0x00000006c0c00000, 0x00000006cb700000, 0x000000076af00000)
  object space 175104K, 0% used [0x00000006c0c00000,0x00000006c0c06000,0x00000006cb700000)
 Metaspace       used 19857K, capacity 20550K, committed 20736K, reserved 1067008K
  class space    used 2633K, capacity 2811K, committed 2816K, reserved 1048576K
}
Event: 1.955 GC heap before
{Heap before GC invocations=3 (full 0):
 PSYoungGen      total 76288K, used 20182K [0x000000076af00000, 0x0000000770400000, 0x00000007c0000000)
  eden space 65536K, 14% used [0x000000076af00000,0x000000076b83a508,0x000000076ef00000)
  from space 10752K, 99% used [0x000000076f980000,0x00000007703fb680,0x0000000770400000)
  to   space 10752K, 0% used [0x000000076ef00000,0x000000076ef00000,0x000000076f980000)
 ParOldGen       total 175104K, used 24K [0x00000006c0c00000, 0x00000006cb700000, 0x000000076af00000)
  object space 175104K, 0% used [0x00000006c0c00000,0x00000006c0c06000,0x00000006cb700000)
 Metaspace       used 20532K, capacity 21270K, committed 21296K, reserved 1067008K
  class space    used 2713K, capacity 2919K, committed 2944K, reserved 1048576K
Event: 1.960 GC heap after
Heap after GC invocations=3 (full 0):
 PSYoungGen      total 76288K, used 6401K [0x000000076af00000, 0x0000000774400000, 0x00000007c0000000)
  eden space 65536K, 0% used [0x000000076af00000,0x000000076af00000,0x000000076ef00000)
  from space 10752K, 59% used [0x000000076ef00000,0x000000076f5404d8,0x000000076f980000)
  to   space 10752K, 0% used [0x0000000773980000,0x0000000773980000,0x0000000774400000)
 ParOldGen       total 175104K, used 32K [0x00000006c0c00000, 0x00000006cb700000, 0x000000076af00000)
  object space 175104K, 0% used [0x00000006c0c00000,0x00000006c0c08000,0x00000006cb700000)
 Metaspace       used 20532K, capacity 21270K, committed 21296K, reserved 1067008K
  class space    used 2713K, capacity 2919K, committed 2944K, reserved 1048576K
}
Event: 1.960 GC heap before
{Heap before GC invocations=4 (full 1):
 PSYoungGen      total 76288K, used 6401K [0x000000076af00000, 0x0000000774400000, 0x00000007c0000000)
  eden space 65536K, 0% used [0x000000076af00000,0x000000076af00000,0x000000076ef00000)
  from space 10752K, 59% used [0x000000076ef00000,0x000000076f5404d8,0x000000076f980000)
  to   space 10752K, 0% used [0x0000000773980000,0x0000000773980000,0x0000000774400000)
 ParOldGen       total 175104K, used 32K [0x00000006c0c00000, 0x00000006cb700000, 0x000000076af00000)
  object space 175104K, 0% used [0x00000006c0c00000,0x00000006c0c08000,0x00000006cb700000)
 Metaspace       used 20532K, capacity 21270K, committed 21296K, reserved 1067008K
  class space    used 2713K, capacity 2919K, committed 2944K, reserved 1048576K
Event: 1.981 GC heap after
Heap after GC invocations=4 (full 1):
 PSYoungGen      total 76288K, used 0K [0x000000076af00000, 0x0000000774400000, 0x00000007c0000000)
  eden space 65536K, 0% used [0x000000076af00000,0x000000076af00000,0x000000076ef00000)
  from space 10752K, 0% used [0x000000076ef00000,0x000000076ef00000,0x000000076f980000)
  to   space 10752K, 0% used [0x0000000773980000,0x0000000773980000,0x0000000774400000)
 ParOldGen       total 90112K, used 6161K [0x00000006c0c00000, 0x00000006c6400000, 0x000000076af00000)
  object space 90112K, 6% used [0x00000006c0c00000,0x00000006c12045f0,0x00000006c6400000)
 Metaspace       used 20530K, capacity 21264K, committed 21296K, reserved 1067008K
  class space    used 2712K, capacity 2918K, committed 2944K, reserved 1048576K
}
Event: 2.756 GC heap before
{Heap before GC invocations=5 (full 1):
 PSYoungGen      total 76288K, used 65536K [0x000000076af00000, 0x0000000774400000, 0x00000007c0000000)
  eden space 65536K, 100% used [0x000000076af00000,0x000000076ef00000,0x000000076ef00000)
  from space 10752K, 0% used [0x000000076ef00000,0x000000076ef00000,0x000000076f980000)
  to   space 10752K, 0% used [0x0000000773980000,0x0000000773980000,0x0000000774400000)
 ParOldGen       total 90112K, used 6161K [0x00000006c0c00000, 0x00000006c6400000, 0x000000076af00000)
  object space 90112K, 6% used [0x00000006c0c00000,0x00000006c12045f0,0x00000006c6400000)
 Metaspace       used 23842K, capacity 24818K, committed 24960K, reserved 1071104K
  class space    used 3194K, capacity 3437K, committed 3456K, reserved 1048576K
Event: 2.760 GC heap after
Heap after GC invocations=5 (full 1):
 PSYoungGen      total 116224K, used 5505K [0x000000076af00000, 0x0000000773f00000, 0x00000007c0000000)
  eden space 110592K, 0% used [0x000000076af00000,0x000000076af00000,0x0000000771b00000)
  from space 5632K, 97% used [0x0000000773980000,0x0000000773ee0740,0x0000000773f00000)
  to   space 10752K, 0% used [0x0000000772a00000,0x0000000772a00000,0x0000000773480000)
 ParOldGen       total 90112K, used 6169K [0x00000006c0c00000, 0x00000006c6400000, 0x000000076af00000)
  object space 90112K, 6% used [0x00000006c0c00000,0x00000006c12065f0,0x00000006c6400000)
 Metaspace       used 23842K, capacity 24818K, committed 24960K, reserved 1071104K
  class space    used 3194K, capacity 3437K, committed 3456K, reserved 1048576K
}
Event: 3.300 GC heap before
{Heap before GC invocations=6 (full 1):
 PSYoungGen      total 116224K, used 116097K [0x000000076af00000, 0x0000000773f00000, 0x00000007c0000000)
  eden space 110592K, 100% used [0x000000076af00000,0x0000000771b00000,0x0000000771b00000)
  from space 5632K, 97% used [0x0000000773980000,0x0000000773ee0740,0x0000000773f00000)
  to   space 10752K, 0% used [0x0000000772a00000,0x0000000772a00000,0x0000000773480000)
 ParOldGen       total 90112K, used 6169K [0x00000006c0c00000, 0x00000006c6400000, 0x000000076af00000)
  object space 90112K, 6% used [0x00000006c0c00000,0x00000006c12065f0,0x00000006c6400000)
 Metaspace       used 27405K, capacity 28572K, committed 28672K, reserved 1073152K
  class space    used 3733K, capacity 4002K, committed 4096K, reserved 1048576K
Event: 3.306 GC heap after
Heap after GC invocations=6 (full 1):
 PSYoungGen      total 136704K, used 9945K [0x000000076af00000, 0x0000000777a80000, 0x00000007c0000000)
  eden space 125952K, 0% used [0x000000076af00000,0x000000076af00000,0x0000000772a00000)
  from space 10752K, 92% used [0x0000000772a00000,0x00000007733b66d0,0x0000000773480000)
  to   space 12800K, 0% used [0x0000000776e00000,0x0000000776e00000,0x0000000777a80000)
 ParOldGen       total 90112K, used 6177K [0x00000006c0c00000, 0x00000006c6400000, 0x000000076af00000)
  object space 90112K, 6% used [0x00000006c0c00000,0x00000006c12085f0,0x00000006c6400000)
 Metaspace       used 27405K, capacity 28572K, committed 28672K, reserved 1073152K
  class space    used 3733K, capacity 4002K, committed 4096K, reserved 1048576K
}

